#! /usr/bin/vvp
:ivl_version "11.0 (stable)";
:ivl_delay_selection "TYPICAL";
:vpi_time_precision - 12;
:vpi_module "/usr/lib/x86_64-linux-gnu/ivl/system.vpi";
:vpi_module "/usr/lib/x86_64-linux-gnu/ivl/vhdl_sys.vpi";
:vpi_module "/usr/lib/x86_64-linux-gnu/ivl/vhdl_textio.vpi";
:vpi_module "/usr/lib/x86_64-linux-gnu/ivl/v2005_math.vpi";
:vpi_module "/usr/lib/x86_64-linux-gnu/ivl/va_math.vpi";
S_0x55b574bd9fa0 .scope module, "fa" "fa" 2 1;
 .timescale -9 -12;
    .port_info 0 /INPUT 1 "A";
    .port_info 1 /INPUT 1 "B";
    .port_info 2 /INPUT 1 "Cin";
    .port_info 3 /OUTPUT 1 "sum";
    .port_info 4 /OUTPUT 1 "carry";
o0x7f07a2cba018 .functor BUFZ 1, C4<z>; HiZ drive
o0x7f07a2cba048 .functor BUFZ 1, C4<z>; HiZ drive
L_0x55b574beae40 .functor XOR 1, o0x7f07a2cba018, o0x7f07a2cba048, C4<0>, C4<0>;
o0x7f07a2cba078 .functor BUFZ 1, C4<z>; HiZ drive
L_0x55b574beaed0 .functor XOR 1, L_0x55b574beae40, o0x7f07a2cba078, C4<0>, C4<0>;
L_0x55b574beafc0 .functor AND 1, o0x7f07a2cba018, o0x7f07a2cba048, C4<1>, C4<1>;
L_0x55b574beb100 .functor AND 1, L_0x55b574beae40, o0x7f07a2cba078, C4<1>, C4<1>;
L_0x55b574beb1f0 .functor OR 1, L_0x55b574beafc0, L_0x55b574beb100, C4<0>, C4<0>;
v0x55b574bda130_0 .net "A", 0 0, o0x7f07a2cba018;  0 drivers
v0x55b574bea830_0 .net "B", 0 0, o0x7f07a2cba048;  0 drivers
v0x55b574bea8f0_0 .net "Cin", 0 0, o0x7f07a2cba078;  0 drivers
v0x55b574bea990_0 .net "c0", 0 0, L_0x55b574beafc0;  1 drivers
v0x55b574beaa50_0 .net "c1", 0 0, L_0x55b574beb100;  1 drivers
v0x55b574beab60_0 .net "carry", 0 0, L_0x55b574beb1f0;  1 drivers
v0x55b574beac20_0 .net "s0", 0 0, L_0x55b574beae40;  1 drivers
v0x55b574beace0_0 .net "sum", 0 0, L_0x55b574beaed0;  1 drivers
# The file index is used to find the file name in the following table.
:file_names 3;
    "N/A";
    "<interactive>";
    "fa.v";
