#! /usr/bin/vvp
:ivl_version "11.0 (stable)";
:ivl_delay_selection "TYPICAL";
:vpi_time_precision - 12;
:vpi_module "/usr/lib/x86_64-linux-gnu/ivl/system.vpi";
:vpi_module "/usr/lib/x86_64-linux-gnu/ivl/vhdl_sys.vpi";
:vpi_module "/usr/lib/x86_64-linux-gnu/ivl/vhdl_textio.vpi";
:vpi_module "/usr/lib/x86_64-linux-gnu/ivl/v2005_math.vpi";
:vpi_module "/usr/lib/x86_64-linux-gnu/ivl/va_math.vpi";
S_0x557aaffcfdf0 .scope module, "upcounter_tb" "upcounter_tb" 2 3;
 .timescale -9 -12;
v0x557ab001a8f0_0 .var "clk", 0 0;
v0x557ab001a9c0_0 .net "counter", 2 0, v0x557aaffd1ba0_0;  1 drivers
v0x557ab001aa90_0 .var "reset", 0 0;
S_0x557aaffcff80 .scope module, "dut" "up_counter" 2 8, 3 1 0, S_0x557aaffcfdf0;
 .timescale -9 -12;
    .port_info 0 /INPUT 1 "clk";
    .port_info 1 /INPUT 1 "reset";
    .port_info 2 /OUTPUT 3 "counter";
v0x557aaffd17b0_0 .net "clk", 0 0, v0x557ab001a8f0_0;  1 drivers
v0x557aaffd1ba0_0 .var "counter", 2 0;
v0x557ab001a7d0_0 .net "reset", 0 0, v0x557ab001aa90_0;  1 drivers
E_0x557ab000ab60 .event posedge, v0x557aaffd17b0_0;
    .scope S_0x557aaffcff80;
T_0 ;
    %wait E_0x557ab000ab60;
    %load/vec4 v0x557ab001a7d0_0;
    %nor/r;
    %flag_set/vec4 8;
    %jmp/0xz  T_0.0, 8;
    %pushi/vec4 0, 0, 3;
    %assign/vec4 v0x557aaffd1ba0_0, 0;
    %jmp T_0.1;
T_0.0 ;
    %load/vec4 v0x557aaffd1ba0_0;
    %pad/u 4;
    %addi 1, 0, 4;
    %pad/u 3;
    %assign/vec4 v0x557aaffd1ba0_0, 0;
T_0.1 ;
    %jmp T_0;
    .thread T_0;
    .scope S_0x557aaffcfdf0;
T_1 ;
    %delay 5000, 0;
    %load/vec4 v0x557ab001a8f0_0;
    %inv;
    %store/vec4 v0x557ab001a8f0_0, 0, 1;
    %jmp T_1;
    .thread T_1;
    .scope S_0x557aaffcfdf0;
T_2 ;
    %pushi/vec4 0, 0, 1;
    %assign/vec4 v0x557ab001a8f0_0, 0;
    %pushi/vec4 0, 0, 1;
    %assign/vec4 v0x557ab001aa90_0, 0;
    %delay 5000, 0;
    %pushi/vec4 1, 0, 1;
    %assign/vec4 v0x557ab001aa90_0, 0;
    %delay 200000, 0;
    %vpi_call 2 23 "$finish" {0 0 0};
    %end;
    .thread T_2;
    .scope S_0x557aaffcfdf0;
T_3 ;
    %vpi_call 2 26 "$dumpfile", "c.vcd" {0 0 0};
    %vpi_call 2 27 "$dumpvars", 32'sb00000000000000000000000000000000, S_0x557aaffcfdf0 {0 0 0};
    %end;
    .thread T_3;
# The file index is used to find the file name in the following table.
:file_names 4;
    "N/A";
    "<interactive>";
    "c_tb.v";
    "c.v";
