#! /usr/bin/vvp
:ivl_version "11.0 (stable)";
:ivl_delay_selection "TYPICAL";
:vpi_time_precision + 0;
:vpi_module "/usr/lib/x86_64-linux-gnu/ivl/system.vpi";
:vpi_module "/usr/lib/x86_64-linux-gnu/ivl/vhdl_sys.vpi";
:vpi_module "/usr/lib/x86_64-linux-gnu/ivl/vhdl_textio.vpi";
:vpi_module "/usr/lib/x86_64-linux-gnu/ivl/v2005_math.vpi";
:vpi_module "/usr/lib/x86_64-linux-gnu/ivl/va_math.vpi";
S_0x5558f71757d0 .scope module, "alu_controller_tb" "alu_controller_tb" 2 1;
 .timescale 0 0;
v0x5558f7189ea0_0 .net "alu_op", 4 0, v0x5558f7137cf0_0;  1 drivers
v0x5558f7189f80_0 .var "fun7", 6 0;
v0x5558f718a050_0 .var "func3", 2 0;
v0x5558f718a150_0 .var "i_type", 0 0;
v0x5558f718a220_0 .var "r_type", 0 0;
S_0x5558f7175960 .scope module, "u_aluc0" "alu_controller" 2 9, 3 1 0, S_0x5558f71757d0;
 .timescale 0 0;
    .port_info 0 /INPUT 3 "func3";
    .port_info 1 /INPUT 7 "fun7";
    .port_info 2 /INPUT 1 "r_type";
    .port_info 3 /INPUT 1 "i_type";
    .port_info 4 /OUTPUT 5 "alu_op";
v0x5558f7137cf0_0 .var "alu_op", 4 0;
v0x5558f7189a60_0 .net "fun7", 6 0, v0x5558f7189f80_0;  1 drivers
v0x5558f7189b40_0 .net "func3", 2 0, v0x5558f718a050_0;  1 drivers
v0x5558f7189c30_0 .net "i_type", 0 0, v0x5558f718a150_0;  1 drivers
v0x5558f7189cf0_0 .net "r_type", 0 0, v0x5558f718a220_0;  1 drivers
E_0x5558f71388b0 .event edge, v0x5558f7189cf0_0, v0x5558f7189b40_0, v0x5558f7189a60_0, v0x5558f7189c30_0;
    .scope S_0x5558f7175960;
T_0 ;
    %wait E_0x5558f71388b0;
    %load/vec4 v0x5558f7189cf0_0;
    %flag_set/vec4 8;
    %jmp/0xz  T_0.0, 8;
    %load/vec4 v0x5558f7189b40_0;
    %dup/vec4;
    %pushi/vec4 0, 0, 3;
    %cmp/u;
    %jmp/1 T_0.2, 6;
    %dup/vec4;
    %pushi/vec4 1, 0, 3;
    %cmp/u;
    %jmp/1 T_0.3, 6;
    %dup/vec4;
    %pushi/vec4 2, 0, 3;
    %cmp/u;
    %jmp/1 T_0.4, 6;
    %dup/vec4;
    %pushi/vec4 3, 0, 3;
    %cmp/u;
    %jmp/1 T_0.5, 6;
    %dup/vec4;
    %pushi/vec4 4, 0, 3;
    %cmp/u;
    %jmp/1 T_0.6, 6;
    %dup/vec4;
    %pushi/vec4 5, 0, 3;
    %cmp/u;
    %jmp/1 T_0.7, 6;
    %dup/vec4;
    %pushi/vec4 6, 0, 3;
    %cmp/u;
    %jmp/1 T_0.8, 6;
    %dup/vec4;
    %pushi/vec4 7, 0, 3;
    %cmp/u;
    %jmp/1 T_0.9, 6;
    %pushi/vec4 31, 31, 5;
    %store/vec4 v0x5558f7137cf0_0, 0, 5;
    %jmp T_0.11;
T_0.2 ;
    %load/vec4 v0x5558f7189a60_0;
    %cmpi/ne 0, 0, 7;
    %flag_mov 8, 4;
    %jmp/0 T_0.12, 8;
    %pushi/vec4 1, 0, 5;
    %jmp/1 T_0.13, 8;
T_0.12 ; End of true expr.
    %pushi/vec4 0, 0, 5;
    %jmp/0 T_0.13, 8;
 ; End of false expr.
    %blend;
T_0.13;
    %store/vec4 v0x5558f7137cf0_0, 0, 5;
    %jmp T_0.11;
T_0.3 ;
    %pushi/vec4 2, 0, 5;
    %store/vec4 v0x5558f7137cf0_0, 0, 5;
    %jmp T_0.11;
T_0.4 ;
    %pushi/vec4 8, 0, 5;
    %store/vec4 v0x5558f7137cf0_0, 0, 5;
    %jmp T_0.11;
T_0.5 ;
    %pushi/vec4 9, 0, 5;
    %store/vec4 v0x5558f7137cf0_0, 0, 5;
    %jmp T_0.11;
T_0.6 ;
    %pushi/vec4 7, 0, 5;
    %store/vec4 v0x5558f7137cf0_0, 0, 5;
    %jmp T_0.11;
T_0.7 ;
    %load/vec4 v0x5558f7189a60_0;
    %cmpi/ne 0, 0, 7;
    %flag_mov 8, 4;
    %jmp/0 T_0.14, 8;
    %pushi/vec4 4, 0, 5;
    %jmp/1 T_0.15, 8;
T_0.14 ; End of true expr.
    %pushi/vec4 3, 0, 5;
    %jmp/0 T_0.15, 8;
 ; End of false expr.
    %blend;
T_0.15;
    %store/vec4 v0x5558f7137cf0_0, 0, 5;
    %jmp T_0.11;
T_0.8 ;
    %pushi/vec4 6, 0, 5;
    %store/vec4 v0x5558f7137cf0_0, 0, 5;
    %jmp T_0.11;
T_0.9 ;
    %pushi/vec4 5, 0, 5;
    %store/vec4 v0x5558f7137cf0_0, 0, 5;
    %jmp T_0.11;
T_0.11 ;
    %pop/vec4 1;
    %jmp T_0.1;
T_0.0 ;
    %load/vec4 v0x5558f7189c30_0;
    %flag_set/vec4 8;
    %jmp/0xz  T_0.16, 8;
    %load/vec4 v0x5558f7189b40_0;
    %dup/vec4;
    %pushi/vec4 0, 0, 3;
    %cmp/u;
    %jmp/1 T_0.18, 6;
    %dup/vec4;
    %pushi/vec4 1, 0, 3;
    %cmp/u;
    %jmp/1 T_0.19, 6;
    %dup/vec4;
    %pushi/vec4 2, 0, 3;
    %cmp/u;
    %jmp/1 T_0.20, 6;
    %dup/vec4;
    %pushi/vec4 3, 0, 3;
    %cmp/u;
    %jmp/1 T_0.21, 6;
    %dup/vec4;
    %pushi/vec4 4, 0, 3;
    %cmp/u;
    %jmp/1 T_0.22, 6;
    %dup/vec4;
    %pushi/vec4 5, 0, 3;
    %cmp/u;
    %jmp/1 T_0.23, 6;
    %dup/vec4;
    %pushi/vec4 6, 0, 3;
    %cmp/u;
    %jmp/1 T_0.24, 6;
    %dup/vec4;
    %pushi/vec4 7, 0, 3;
    %cmp/u;
    %jmp/1 T_0.25, 6;
    %pushi/vec4 31, 31, 5;
    %store/vec4 v0x5558f7137cf0_0, 0, 5;
    %jmp T_0.27;
T_0.18 ;
    %pushi/vec4 10, 0, 5;
    %store/vec4 v0x5558f7137cf0_0, 0, 5;
    %jmp T_0.27;
T_0.19 ;
    %pushi/vec4 11, 0, 5;
    %store/vec4 v0x5558f7137cf0_0, 0, 5;
    %jmp T_0.27;
T_0.20 ;
    %pushi/vec4 14, 0, 5;
    %store/vec4 v0x5558f7137cf0_0, 0, 5;
    %jmp T_0.27;
T_0.21 ;
    %pushi/vec4 15, 0, 5;
    %store/vec4 v0x5558f7137cf0_0, 0, 5;
    %jmp T_0.27;
T_0.22 ;
    %pushi/vec4 17, 0, 5;
    %store/vec4 v0x5558f7137cf0_0, 0, 5;
    %jmp T_0.27;
T_0.23 ;
    %load/vec4 v0x5558f7189a60_0;
    %cmpi/ne 0, 0, 7;
    %flag_mov 8, 4;
    %jmp/0 T_0.28, 8;
    %pushi/vec4 13, 0, 5;
    %jmp/1 T_0.29, 8;
T_0.28 ; End of true expr.
    %pushi/vec4 12, 0, 5;
    %jmp/0 T_0.29, 8;
 ; End of false expr.
    %blend;
T_0.29;
    %store/vec4 v0x5558f7137cf0_0, 0, 5;
    %jmp T_0.27;
T_0.24 ;
    %pushi/vec4 18, 0, 5;
    %store/vec4 v0x5558f7137cf0_0, 0, 5;
    %jmp T_0.27;
T_0.25 ;
    %pushi/vec4 16, 0, 5;
    %store/vec4 v0x5558f7137cf0_0, 0, 5;
    %jmp T_0.27;
T_0.27 ;
    %pop/vec4 1;
    %jmp T_0.17;
T_0.16 ;
    %pushi/vec4 31, 31, 5;
    %store/vec4 v0x5558f7137cf0_0, 0, 5;
T_0.17 ;
T_0.1 ;
    %jmp T_0;
    .thread T_0, $push;
    .scope S_0x5558f71757d0;
T_1 ;
    %pushi/vec4 6, 0, 3;
    %store/vec4 v0x5558f718a050_0, 0, 3;
    %pushi/vec4 0, 0, 7;
    %store/vec4 v0x5558f7189f80_0, 0, 7;
    %pushi/vec4 1, 0, 1;
    %store/vec4 v0x5558f718a220_0, 0, 1;
    %pushi/vec4 0, 0, 1;
    %store/vec4 v0x5558f718a150_0, 0, 1;
    %delay 10, 0;
    %vpi_call 2 23 "$display", "alu_op = %b", v0x5558f7189ea0_0 {0 0 0};
    %end;
    .thread T_1;
    .scope S_0x5558f71757d0;
T_2 ;
    %vpi_call 2 26 "$dumpfile", "alu_c.vcd" {0 0 0};
    %vpi_call 2 27 "$dumpvars", 32'sb00000000000000000000000000000000, S_0x5558f71757d0 {0 0 0};
    %end;
    .thread T_2;
# The file index is used to find the file name in the following table.
:file_names 4;
    "N/A";
    "<interactive>";
    "alu_c_tb.v";
    "alu_c.v";
