#! /usr/bin/vvp
:ivl_version "11.0 (stable)";
:ivl_delay_selection "TYPICAL";
:vpi_time_precision + 0;
:vpi_module "/usr/lib/x86_64-linux-gnu/ivl/system.vpi";
:vpi_module "/usr/lib/x86_64-linux-gnu/ivl/vhdl_sys.vpi";
:vpi_module "/usr/lib/x86_64-linux-gnu/ivl/vhdl_textio.vpi";
:vpi_module "/usr/lib/x86_64-linux-gnu/ivl/v2005_math.vpi";
:vpi_module "/usr/lib/x86_64-linux-gnu/ivl/va_math.vpi";
S_0x55ac5eb78dc0 .scope module, "slregister_tb" "slregister_tb" 2 2;
 .timescale 0 0;
v0x55ac5ebc54b0_0 .var "clk", 0 0;
v0x55ac5ebc5570_0 .var "in", 0 0;
v0x55ac5ebc5640_0 .net "q", 3 0, v0x55ac5ebc5250_0;  1 drivers
v0x55ac5ebc5740_0 .var "rst", 0 0;
S_0x55ac5eb78f50 .scope module, "u_slregister0" "slregister" 2 26, 3 1 0, S_0x55ac5eb78dc0;
 .timescale 0 0;
    .port_info 0 /INPUT 1 "clk";
    .port_info 1 /INPUT 1 "rst";
    .port_info 2 /INPUT 1 "in";
    .port_info 3 /OUTPUT 4 "q";
v0x55ac5eb7a7b0_0 .net "clk", 0 0, v0x55ac5ebc54b0_0;  1 drivers
v0x55ac5eb7aba0_0 .net "in", 0 0, v0x55ac5ebc5570_0;  1 drivers
v0x55ac5ebc5250_0 .var "q", 3 0;
v0x55ac5ebc5340_0 .net "rst", 0 0, v0x55ac5ebc5740_0;  1 drivers
E_0x55ac5ebb4cc0 .event posedge, v0x55ac5eb7a7b0_0;
    .scope S_0x55ac5eb78f50;
T_0 ;
    %wait E_0x55ac5ebb4cc0;
    %load/vec4 v0x55ac5ebc5340_0;
    %flag_set/vec4 8;
    %jmp/0xz  T_0.0, 8;
    %pushi/vec4 0, 0, 4;
    %store/vec4 v0x55ac5ebc5250_0, 0, 4;
    %jmp T_0.1;
T_0.0 ;
    %load/vec4 v0x55ac5ebc5250_0;
    %parti/s 3, 0, 2;
    %load/vec4 v0x55ac5eb7aba0_0;
    %concat/vec4; draw_concat_vec4
    %store/vec4 v0x55ac5ebc5250_0, 0, 4;
T_0.1 ;
    %jmp T_0;
    .thread T_0;
    .scope S_0x55ac5eb78dc0;
T_1 ;
    %delay 5, 0;
    %load/vec4 v0x55ac5ebc54b0_0;
    %inv;
    %store/vec4 v0x55ac5ebc54b0_0, 0, 1;
    %jmp T_1;
    .thread T_1;
    .scope S_0x55ac5eb78dc0;
T_2 ;
    %pushi/vec4 1, 0, 1;
    %store/vec4 v0x55ac5ebc54b0_0, 0, 1;
    %pushi/vec4 1, 0, 1;
    %store/vec4 v0x55ac5ebc5740_0, 0, 1;
    %pushi/vec4 1, 0, 1;
    %store/vec4 v0x55ac5ebc5570_0, 0, 1;
    %delay 10, 0;
    %pushi/vec4 0, 0, 1;
    %store/vec4 v0x55ac5ebc5740_0, 0, 1;
    %pushi/vec4 1, 0, 1;
    %store/vec4 v0x55ac5ebc5570_0, 0, 1;
    %delay 10, 0;
    %pushi/vec4 0, 0, 1;
    %store/vec4 v0x55ac5ebc5570_0, 0, 1;
    %delay 10, 0;
    %pushi/vec4 0, 0, 1;
    %store/vec4 v0x55ac5ebc5570_0, 0, 1;
    %delay 10, 0;
    %pushi/vec4 0, 0, 1;
    %store/vec4 v0x55ac5ebc5570_0, 0, 1;
    %delay 10, 0;
    %vpi_call 2 24 "$finish" {0 0 0};
    %end;
    .thread T_2;
    .scope S_0x55ac5eb78dc0;
T_3 ;
    %vpi_call 2 34 "$dumpfile", "slregister.vcd" {0 0 0};
    %vpi_call 2 35 "$dumpvars", 32'sb00000000000000000000000000000000, S_0x55ac5eb78dc0 {0 0 0};
    %end;
    .thread T_3;
# The file index is used to find the file name in the following table.
:file_names 4;
    "N/A";
    "<interactive>";
    "slregister_tb.v";
    "slregister.v";
